cl : 명령줄 warning D9002: 알 수 없는 '/await/std:c++17' 옵션을 무시합니다.
  Core.cpp
d:\seniorproject\tf_server\termprojectserver\include\inline.h(36): warning C4244: '인수': 'double'에서 'float'(으)로 변환하면서 데이터가 손실될 수 있습니다.
d:\seniorproject\tf_server\termprojectserver\include\inline.h(38): warning C4244: '인수': 'double'에서 'float'(으)로 변환하면서 데이터가 손실될 수 있습니다.
d:\seniorproject\tf_server\termprojectserver\include\object\user.h(24): warning C4996: 'strncpy': This function or variable may be unsafe. Consider using strncpy_s instead. To disable deprecation, use _CRT_SECURE_NO_WARNINGS. See online help for details.
  c:\program files (x86)\windows kits\10\include\10.0.16299.0\ucrt\string.h(337): note: 'strncpy' 선언을 참조하십시오.
d:\seniorproject\tf_server\termprojectserver\include\core.cpp(60): warning C4018: '<': signed 또는 unsigned가 일치하지 않습니다.
d:\seniorproject\tf_server\termprojectserver\include\core.cpp(111): warning C4477: 'printf' : 서식 문자열 '%d'에 'int' 형식의 인수가 필요하지만 variadic 인수 1의 형식이 'WORD *'입니다.
d:\seniorproject\tf_server\termprojectserver\include\core.cpp(111): warning C4313: 'printf': 서식 문자열의 '%d'이(가) 인수 1('WORD *' 형식)과(와) 충돌합니다.
  CProcessor.cpp
d:\seniorproject\tf_server\termprojectserver\include\inline.h(36): warning C4244: '인수': 'double'에서 'float'(으)로 변환하면서 데이터가 손실될 수 있습니다.
d:\seniorproject\tf_server\termprojectserver\include\inline.h(38): warning C4244: '인수': 'double'에서 'float'(으)로 변환하면서 데이터가 손실될 수 있습니다.
d:\seniorproject\tf_server\termprojectserver\include\object\user.h(24): warning C4996: 'strncpy': This function or variable may be unsafe. Consider using strncpy_s instead. To disable deprecation, use _CRT_SECURE_NO_WARNINGS. See online help for details.
  c:\program files (x86)\windows kits\10\include\10.0.16299.0\ucrt\string.h(337): note: 'strncpy' 선언을 참조하십시오.
  NPCProcessor.cpp
d:\seniorproject\tf_server\termprojectserver\include\inline.h(36): warning C4244: '인수': 'double'에서 'float'(으)로 변환하면서 데이터가 손실될 수 있습니다.
d:\seniorproject\tf_server\termprojectserver\include\inline.h(38): warning C4244: '인수': 'double'에서 'float'(으)로 변환하면서 데이터가 손실될 수 있습니다.
d:\seniorproject\tf_server\termprojectserver\include\object\user.h(24): warning C4996: 'strncpy': This function or variable may be unsafe. Consider using strncpy_s instead. To disable deprecation, use _CRT_SECURE_NO_WARNINGS. See online help for details.
  c:\program files (x86)\windows kits\10\include\10.0.16299.0\ucrt\string.h(337): note: 'strncpy' 선언을 참조하십시오.
d:\seniorproject\tf_server\termprojectserver\include\processor\npcprocessor.cpp(50): warning C4244: '인수': 'int'에서 'float'(으)로 변환하면서 데이터가 손실될 수 있습니다.
d:\seniorproject\tf_server\termprojectserver\include\processor\npcprocessor.cpp(67): warning C4244: '인수': 'int'에서 'float'(으)로 변환하면서 데이터가 손실될 수 있습니다.
d:\seniorproject\tf_server\termprojectserver\include\processor\npcprocessor.cpp(82): warning C4244: '인수': 'int'에서 'float'(으)로 변환하면서 데이터가 손실될 수 있습니다.
d:\seniorproject\tf_server\termprojectserver\include\processor\npcprocessor.cpp(96): warning C4244: '인수': 'int'에서 'float'(으)로 변환하면서 데이터가 손실될 수 있습니다.
  UserProcessor.cpp
d:\seniorproject\tf_server\termprojectserver\include\inline.h(36): warning C4244: '인수': 'double'에서 'float'(으)로 변환하면서 데이터가 손실될 수 있습니다.
d:\seniorproject\tf_server\termprojectserver\include\inline.h(38): warning C4244: '인수': 'double'에서 'float'(으)로 변환하면서 데이터가 손실될 수 있습니다.
d:\seniorproject\tf_server\termprojectserver\include\object\user.h(24): warning C4996: 'strncpy': This function or variable may be unsafe. Consider using strncpy_s instead. To disable deprecation, use _CRT_SECURE_NO_WARNINGS. See online help for details.
  c:\program files (x86)\windows kits\10\include\10.0.16299.0\ucrt\string.h(337): note: 'strncpy' 선언을 참조하십시오.
d:\seniorproject\tf_server\termprojectserver\include\processor\userprocessor.cpp(182): warning C4244: '인수': 'WORD'에서 'unsigned char'(으)로 변환하면서 데이터가 손실될 수 있습니다.
d:\seniorproject\tf_server\termprojectserver\include\processor\userprocessor.cpp(197): warning C4244: '=': 'float'에서 'unsigned int'(으)로 변환하면서 데이터가 손실될 수 있습니다.
d:\seniorproject\tf_server\termprojectserver\include\processor\userprocessor.cpp(198): warning C4244: '인수': 'unsigned int'에서 'float'(으)로 변환하면서 데이터가 손실될 수 있습니다.
  코드를 생성하고 있습니다...
  TermProjectServer.vcxproj -> D:\SeniorProject\TF_SERVER\TermProjectServer\../exe/TermProjectServer.Debug64.exe
