cl : 명령줄 warning D9002: 알 수 없는 '/await/std:c++17' 옵션을 무시합니다.
  Core.cpp
c:\users\orizz\desktop\portpolio minirpg\portpolio server\tf_server\include\object\user.h(11): warning C4996: 'strncpy': This function or variable may be unsafe. Consider using strncpy_s instead. To disable deprecation, use _CRT_SECURE_NO_WARNINGS. See online help for details.
  c:\program files (x86)\windows kits\10\include\10.0.16299.0\ucrt\string.h(337): note: 'strncpy' 선언을 참조하십시오.
  DB.cpp
c:\users\orizz\desktop\portpolio minirpg\portpolio server\tf_server\include\object\user.h(11): warning C4996: 'strncpy': This function or variable may be unsafe. Consider using strncpy_s instead. To disable deprecation, use _CRT_SECURE_NO_WARNINGS. See online help for details.
  c:\program files (x86)\windows kits\10\include\10.0.16299.0\ucrt\string.h(337): note: 'strncpy' 선언을 참조하십시오.
  ErrorUtil.cpp
  MiniDump.cpp
  User.cpp
c:\users\orizz\desktop\portpolio minirpg\portpolio server\tf_server\include\object\user.h(11): warning C4996: 'strncpy': This function or variable may be unsafe. Consider using strncpy_s instead. To disable deprecation, use _CRT_SECURE_NO_WARNINGS. See online help for details.
  c:\program files (x86)\windows kits\10\include\10.0.16299.0\ucrt\string.h(337): note: 'strncpy' 선언을 참조하십시오.
  NPC.cpp
  Object.cpp
  CProcessor.cpp
c:\users\orizz\desktop\portpolio minirpg\portpolio server\tf_server\include\object\user.h(11): warning C4996: 'strncpy': This function or variable may be unsafe. Consider using strncpy_s instead. To disable deprecation, use _CRT_SECURE_NO_WARNINGS. See online help for details.
  c:\program files (x86)\windows kits\10\include\10.0.16299.0\ucrt\string.h(337): note: 'strncpy' 선언을 참조하십시오.
  CSector.cpp
c:\users\orizz\desktop\portpolio minirpg\portpolio server\tf_server\include\object\user.h(11): warning C4996: 'strncpy': This function or variable may be unsafe. Consider using strncpy_s instead. To disable deprecation, use _CRT_SECURE_NO_WARNINGS. See online help for details.
  c:\program files (x86)\windows kits\10\include\10.0.16299.0\ucrt\string.h(337): note: 'strncpy' 선언을 참조하십시오.
  CUserPool.cpp
c:\users\orizz\desktop\portpolio minirpg\portpolio server\tf_server\include\object\user.h(11): warning C4996: 'strncpy': This function or variable may be unsafe. Consider using strncpy_s instead. To disable deprecation, use _CRT_SECURE_NO_WARNINGS. See online help for details.
  c:\program files (x86)\windows kits\10\include\10.0.16299.0\ucrt\string.h(337): note: 'strncpy' 선언을 참조하십시오.
c:\users\orizz\desktop\portpolio minirpg\portpolio server\tf_server\include\processor\cuserpool.cpp(17): warning C4244: '인수': 'time_t'에서 'unsigned int'(으)로 변환하면서 데이터가 손실될 수 있습니다.
  NPCProcessor.cpp
c:\users\orizz\desktop\portpolio minirpg\portpolio server\tf_server\include\object\user.h(11): warning C4996: 'strncpy': This function or variable may be unsafe. Consider using strncpy_s instead. To disable deprecation, use _CRT_SECURE_NO_WARNINGS. See online help for details.
  c:\program files (x86)\windows kits\10\include\10.0.16299.0\ucrt\string.h(337): note: 'strncpy' 선언을 참조하십시오.
c:\users\orizz\desktop\portpolio minirpg\portpolio server\tf_server\include\processor\npcprocessor.cpp(5): warning C4244: '인수': 'time_t'에서 'unsigned int'(으)로 변환하면서 데이터가 손실될 수 있습니다.
  UserProcessor.cpp
c:\users\orizz\desktop\portpolio minirpg\portpolio server\tf_server\include\object\user.h(11): warning C4996: 'strncpy': This function or variable may be unsafe. Consider using strncpy_s instead. To disable deprecation, use _CRT_SECURE_NO_WARNINGS. See online help for details.
  c:\program files (x86)\windows kits\10\include\10.0.16299.0\ucrt\string.h(337): note: 'strncpy' 선언을 참조하십시오.
  ServerMain.cpp
  코드를 생성하고 있습니다...
c:\users\orizz\desktop\portpolio minirpg\portpolio server\tf_server\include\db\db.cpp(55): warning C4715: 'CDB::ConnectDB': 모든 제어 경로에서 값을 반환하지는 않습니다.
c:\users\orizz\desktop\portpolio minirpg\portpolio server\tf_server\include\db\db.cpp(145): warning C4715: 'CDB::GetUserData': 모든 제어 경로에서 값을 반환하지는 않습니다.
  TF_SERVER.vcxproj -> C:\Users\orizz\Desktop\Portpolio MiniRPG\Portpolio Server\TF_SERVER\../exe/TF_SERVER.Debug.exe
