C:\Program Files (x86)\Microsoft Visual Studio\2017\Community\Common7\IDE\VC\VCTargets\Microsoft.CppBuild.targets(387,5): warning MSB8028: 중간 디렉터리(x64\Release\)에 다른 프로젝트(TermProjectServer.vcxproj)에서 공유하는 파일이 포함되어 있습니다.  이로 인해 잘못된 정리 및 다시 빌드 동작이 수행될 수 있습니다.
  Core.cpp
c:\users\conoi\desktop\portpoliominirpg\portpolio server (2)\tf_server\include\db\../Object/User.h(13): warning C4996: 'strncpy': This function or variable may be unsafe. Consider using strncpy_s instead. To disable deprecation, use _CRT_SECURE_NO_WARNINGS. See online help for details.
  C:\Program Files (x86)\Windows Kits\10\Include\10.0.16299.0\ucrt\string.h(337): note: 'strncpy' 선언을 참조하십시오.
  DB.cpp
c:\users\conoi\desktop\portpoliominirpg\portpolio server (2)\tf_server\include\db\../Object/User.h(13): warning C4996: 'strncpy': This function or variable may be unsafe. Consider using strncpy_s instead. To disable deprecation, use _CRT_SECURE_NO_WARNINGS. See online help for details.
  C:\Program Files (x86)\Windows Kits\10\Include\10.0.16299.0\ucrt\string.h(337): note: 'strncpy' 선언을 참조하십시오.
  ErrorUtil.cpp
  NPC.cpp
  Object.cpp
  User.cpp
c:\users\conoi\desktop\portpoliominirpg\portpolio server (2)\tf_server\include\object\User.h(13): warning C4996: 'strncpy': This function or variable may be unsafe. Consider using strncpy_s instead. To disable deprecation, use _CRT_SECURE_NO_WARNINGS. See online help for details.
  C:\Program Files (x86)\Windows Kits\10\Include\10.0.16299.0\ucrt\string.h(337): note: 'strncpy' 선언을 참조하십시오.
  Astar.cpp
  CProcessor.cpp
c:\users\conoi\desktop\portpoliominirpg\portpolio server (2)\tf_server\include\processor\../Object/User.h(13): warning C4996: 'strncpy': This function or variable may be unsafe. Consider using strncpy_s instead. To disable deprecation, use _CRT_SECURE_NO_WARNINGS. See online help for details.
  C:\Program Files (x86)\Windows Kits\10\Include\10.0.16299.0\ucrt\string.h(337): note: 'strncpy' 선언을 참조하십시오.
  CSector.cpp
c:\users\conoi\desktop\portpoliominirpg\portpolio server (2)\tf_server\include\processor\../Object/User.h(13): warning C4996: 'strncpy': This function or variable may be unsafe. Consider using strncpy_s instead. To disable deprecation, use _CRT_SECURE_NO_WARNINGS. See online help for details.
  C:\Program Files (x86)\Windows Kits\10\Include\10.0.16299.0\ucrt\string.h(337): note: 'strncpy' 선언을 참조하십시오.
  CUserPool.cpp
c:\users\conoi\desktop\portpoliominirpg\portpolio server (2)\tf_server\include\processor\../Object/User.h(13): warning C4996: 'strncpy': This function or variable may be unsafe. Consider using strncpy_s instead. To disable deprecation, use _CRT_SECURE_NO_WARNINGS. See online help for details.
  C:\Program Files (x86)\Windows Kits\10\Include\10.0.16299.0\ucrt\string.h(337): note: 'strncpy' 선언을 참조하십시오.
include\Processor\CUserPool.cpp(17): warning C4244: '인수': 'time_t'에서 'unsigned int'(으)로 변환하면서 데이터가 손실될 수 있습니다.
  NPCProcessor.cpp
c:\users\conoi\desktop\portpoliominirpg\portpolio server (2)\tf_server\include\processor\../Object/User.h(13): warning C4996: 'strncpy': This function or variable may be unsafe. Consider using strncpy_s instead. To disable deprecation, use _CRT_SECURE_NO_WARNINGS. See online help for details.
  C:\Program Files (x86)\Windows Kits\10\Include\10.0.16299.0\ucrt\string.h(337): note: 'strncpy' 선언을 참조하십시오.
  UserProcessor.cpp
c:\users\conoi\desktop\portpoliominirpg\portpolio server (2)\tf_server\include\processor\../Object/User.h(13): warning C4996: 'strncpy': This function or variable may be unsafe. Consider using strncpy_s instead. To disable deprecation, use _CRT_SECURE_NO_WARNINGS. See online help for details.
  C:\Program Files (x86)\Windows Kits\10\Include\10.0.16299.0\ucrt\string.h(337): note: 'strncpy' 선언을 참조하십시오.
  ServerMain.cpp
  코드를 생성하고 있습니다.
  0 of 2338 functions ( 0.0%) were compiled, the rest were copied from previous compilation.
    0 functions were new in current compilation
    0 functions had inline decision re-evaluated but remain unchanged
  코드를 생성했습니다.
  TF_SERVER.vcxproj -> C:\Users\conoi\Desktop\PortPolioMiniRPG\Portpolio Server (2)\TF_SERVER\../exe/TF_SERVER64.exe
