  2DClient.cpp
c:\users\orizz\desktop\portpoliominirpg\portpolio client\2017_2d_client\2dclient.cpp(524): warning C4996: 'inet_addr': Use inet_pton() or InetPton() instead or define _WINSOCK_DEPRECATED_NO_WARNINGS to disable deprecated API warnings
  c:\program files (x86)\windows kits\10\include\10.0.16299.0\um\winsock2.h(1830): note: 'inet_addr' 선언을 참조하십시오.
c:\users\orizz\desktop\portpoliominirpg\portpolio client\2017_2d_client\2dclient.cpp(526): warning C4996: 'WSAAsyncSelect': Use WSAEventSelect() instead or define _WINSOCK_DEPRECATED_NO_WARNINGS to disable deprecated API warnings
  c:\program files (x86)\windows kits\10\include\10.0.16299.0\um\winsock2.h(2679): note: 'WSAAsyncSelect' 선언을 참조하십시오.
c:\users\orizz\desktop\portpoliominirpg\portpolio client\2017_2d_client\2dclient.cpp(691): warning C4244: '인수': 'float'에서 'int'(으)로 변환하면서 데이터가 손실될 수 있습니다.
c:\users\orizz\desktop\portpoliominirpg\portpolio client\2017_2d_client\2dclient.cpp(690): warning C4244: '인수': 'float'에서 'int'(으)로 변환하면서 데이터가 손실될 수 있습니다.
c:\users\orizz\desktop\portpoliominirpg\portpolio client\2017_2d_client\2dclient.cpp(693): warning C4244: '인수': 'float'에서 'int'(으)로 변환하면서 데이터가 손실될 수 있습니다.
c:\users\orizz\desktop\portpoliominirpg\portpolio client\2017_2d_client\2dclient.cpp(692): warning C4244: '인수': 'float'에서 'int'(으)로 변환하면서 데이터가 손실될 수 있습니다.
c:\users\orizz\desktop\portpoliominirpg\portpolio client\2017_2d_client\2dclient.cpp(695): warning C4244: '인수': 'float'에서 'int'(으)로 변환하면서 데이터가 손실될 수 있습니다.
c:\users\orizz\desktop\portpoliominirpg\portpolio client\2017_2d_client\2dclient.cpp(694): warning C4244: '인수': 'float'에서 'int'(으)로 변환하면서 데이터가 손실될 수 있습니다.
c:\users\orizz\desktop\portpoliominirpg\portpolio client\2017_2d_client\2dclient.cpp(697): warning C4244: '인수': 'float'에서 'int'(으)로 변환하면서 데이터가 손실될 수 있습니다.
c:\users\orizz\desktop\portpoliominirpg\portpolio client\2017_2d_client\2dclient.cpp(696): warning C4244: '인수': 'float'에서 'int'(으)로 변환하면서 데이터가 손실될 수 있습니다.
c:\users\orizz\desktop\portpoliominirpg\portpolio client\2017_2d_client\2dclient.cpp(699): warning C4244: '인수': 'float'에서 'int'(으)로 변환하면서 데이터가 손실될 수 있습니다.
c:\users\orizz\desktop\portpoliominirpg\portpolio client\2017_2d_client\2dclient.cpp(698): warning C4244: '인수': 'float'에서 'int'(으)로 변환하면서 데이터가 손실될 수 있습니다.
  코드를 생성하고 있습니다.
  4 of 427 functions ( 0.9%) were compiled, the rest were copied from previous compilation.
    0 functions were new in current compilation
    3 functions had inline decision re-evaluated but remain unchanged
  코드를 생성했습니다.
  2017_2D_CLIENT.vcxproj -> C:\Users\orizz\Desktop\PortPolioMiniRPG\Portpolio Client\Release\CLIENT.exe
