c:\users\conoi\desktop\portpoliominirpg\portpolio client\2017_2d_client\release\vc141.pdb
c:\users\conoi\desktop\portpoliominirpg\portpolio client\2017_2d_client\release\input.obj
c:\users\conoi\desktop\portpoliominirpg\portpolio client\2017_2d_client\release\gpdumb1.obj
c:\users\conoi\desktop\portpoliominirpg\portpolio client\2017_2d_client\release\2dclient.obj
c:\users\conoi\desktop\portpoliominirpg\portpolio client\release\client.ipdb
c:\users\conoi\desktop\portpoliominirpg\portpolio client\release\client.iobj
c:\users\conoi\desktop\portpoliominirpg\portpolio client\release\client.exe
c:\users\conoi\desktop\portpoliominirpg\portpolio client\release\client.pdb
c:\users\orizz\desktop\portpoliominirpg\portpolio client\2017_2d_client\release\2dclient.obj
c:\users\orizz\desktop\portpoliominirpg\portpolio client\2017_2d_client\release\gpdumb1.obj
c:\users\orizz\desktop\portpoliominirpg\portpolio client\2017_2d_client\release\input.obj
c:\users\orizz\desktop\portpoliominirpg\portpolio client\2017_2d_client\release\vc141.pdb
c:\users\orizz\desktop\portpoliominirpg\portpolio client\release\client.pdb
c:\users\orizz\desktop\portpoliominirpg\portpolio client\release\client.exe
c:\users\orizz\desktop\portpoliominirpg\portpolio client\2017_2d_client\release\client.tlog\cl.command.1.tlog
c:\users\orizz\desktop\portpoliominirpg\portpolio client\2017_2d_client\release\client.tlog\cl.read.1.tlog
c:\users\orizz\desktop\portpoliominirpg\portpolio client\2017_2d_client\release\client.tlog\cl.write.1.tlog
c:\users\orizz\desktop\portpoliominirpg\portpolio client\2017_2d_client\release\client.tlog\client.write.1u.tlog
c:\users\orizz\desktop\portpoliominirpg\portpolio client\2017_2d_client\release\client.tlog\link.command.1.tlog
c:\users\orizz\desktop\portpoliominirpg\portpolio client\2017_2d_client\release\client.tlog\link.read.1.tlog
c:\users\orizz\desktop\portpoliominirpg\portpolio client\2017_2d_client\release\client.tlog\link.write.1.tlog
