c:\users\orizz\desktop\senierproject\최종재발표클라+그림자\tf_client\x64\debug\vc141.pdb
c:\users\orizz\desktop\senierproject\최종재발표클라+그림자\tf_client\x64\debug\vc141.idb
c:\users\orizz\desktop\senierproject\최종재발표클라+그림자\tf_client\x64\debug\stdafx.obj
c:\users\orizz\desktop\senierproject\최종재발표클라+그림자\tf_client\x64\debug\staticobj.obj
c:\users\orizz\desktop\senierproject\최종재발표클라+그림자\tf_client\x64\debug\startscene.obj
c:\users\orizz\desktop\senierproject\최종재발표클라+그림자\tf_client\x64\debug\shader.obj
c:\users\orizz\desktop\senierproject\최종재발표클라+그림자\tf_client\x64\debug\scenemanager.obj
c:\users\orizz\desktop\senierproject\최종재발표클라+그림자\tf_client\x64\debug\scene.obj
c:\users\orizz\desktop\senierproject\최종재발표클라+그림자\tf_client\x64\debug\player.obj
c:\users\orizz\desktop\senierproject\최종재발표클라+그림자\tf_client\x64\debug\object.obj
c:\users\orizz\desktop\senierproject\최종재발표클라+그림자\tf_client\x64\debug\networkmanager.obj
c:\users\orizz\desktop\senierproject\최종재발표클라+그림자\tf_client\x64\debug\errorutil.obj
c:\users\orizz\desktop\senierproject\최종재발표클라+그림자\tf_client\x64\debug\moveobj.obj
c:\users\orizz\desktop\senierproject\최종재발표클라+그림자\tf_client\x64\debug\mesh.obj
c:\users\orizz\desktop\senierproject\최종재발표클라+그림자\tf_client\x64\debug\md5loader.obj
c:\users\orizz\desktop\senierproject\최종재발표클라+그림자\tf_client\x64\debug\input.obj
c:\users\orizz\desktop\senierproject\최종재발표클라+그림자\tf_client\x64\debug\gameframework.obj
c:\users\orizz\desktop\senierproject\최종재발표클라+그림자\tf_client\x64\debug\ddstextureloader12.obj
c:\users\orizz\desktop\senierproject\최종재발표클라+그림자\tf_client\x64\debug\ddstextureloader.obj
c:\users\orizz\desktop\senierproject\최종재발표클라+그림자\tf_client\x64\debug\dayforestscene.obj
c:\users\orizz\desktop\senierproject\최종재발표클라+그림자\tf_client\x64\debug\cmapdata.obj
c:\users\orizz\desktop\senierproject\최종재발표클라+그림자\tf_client\x64\debug\camera.obj
c:\users\orizz\desktop\senierproject\최종재발표클라+그림자\tf_client\x64\debug\uishader.obj
c:\users\orizz\desktop\senierproject\최종재발표클라+그림자\tf_client\x64\debug\timer.obj
c:\users\orizz\desktop\senierproject\최종재발표클라+그림자\tf_client\x64\debug\tf_client.obj
c:\users\orizz\desktop\senierproject\최종재발표클라+그림자\tf_client\x64\debug\cmonster.obj
c:\users\ckgusdh10\desktop\senierproject\최종재발표클라+그림자\tf_client\x64\debug\vc141.pdb
c:\users\ckgusdh10\desktop\senierproject\최종재발표클라+그림자\tf_client\x64\debug\vc141.idb
c:\users\ckgusdh10\desktop\senierproject\최종재발표클라+그림자\tf_client\x64\debug\stdafx.obj
c:\users\ckgusdh10\desktop\senierproject\최종재발표클라+그림자\tf_client\x64\debug\staticobj.obj
c:\users\ckgusdh10\desktop\senierproject\최종재발표클라+그림자\tf_client\x64\debug\startscene.obj
c:\users\ckgusdh10\desktop\senierproject\최종재발표클라+그림자\tf_client\x64\debug\shader.obj
c:\users\ckgusdh10\desktop\senierproject\최종재발표클라+그림자\tf_client\x64\debug\scenemanager.obj
c:\users\ckgusdh10\desktop\senierproject\최종재발표클라+그림자\tf_client\x64\debug\scene.obj
c:\users\ckgusdh10\desktop\senierproject\최종재발표클라+그림자\tf_client\x64\debug\player.obj
c:\users\ckgusdh10\desktop\senierproject\최종재발표클라+그림자\tf_client\x64\debug\object.obj
c:\users\ckgusdh10\desktop\senierproject\최종재발표클라+그림자\tf_client\x64\debug\networkmanager.obj
c:\users\ckgusdh10\desktop\senierproject\최종재발표클라+그림자\tf_client\x64\debug\errorutil.obj
c:\users\ckgusdh10\desktop\senierproject\최종재발표클라+그림자\tf_client\x64\debug\moveobj.obj
c:\users\ckgusdh10\desktop\senierproject\최종재발표클라+그림자\tf_client\x64\debug\mesh.obj
c:\users\ckgusdh10\desktop\senierproject\최종재발표클라+그림자\tf_client\x64\debug\md5loader.obj
c:\users\ckgusdh10\desktop\senierproject\최종재발표클라+그림자\tf_client\x64\debug\input.obj
c:\users\ckgusdh10\desktop\senierproject\최종재발표클라+그림자\tf_client\x64\debug\gameframework.obj
c:\users\ckgusdh10\desktop\senierproject\최종재발표클라+그림자\tf_client\x64\debug\ddstextureloader12.obj
c:\users\ckgusdh10\desktop\senierproject\최종재발표클라+그림자\tf_client\x64\debug\ddstextureloader.obj
c:\users\ckgusdh10\desktop\senierproject\최종재발표클라+그림자\tf_client\x64\debug\dayforestscene.obj
c:\users\ckgusdh10\desktop\senierproject\최종재발표클라+그림자\tf_client\x64\debug\cmapdata.obj
c:\users\ckgusdh10\desktop\senierproject\최종재발표클라+그림자\tf_client\x64\debug\camera.obj
c:\users\ckgusdh10\desktop\senierproject\최종재발표클라+그림자\tf_client\x64\debug\uishader.obj
c:\users\ckgusdh10\desktop\senierproject\최종재발표클라+그림자\tf_client\x64\debug\timer.obj
c:\users\ckgusdh10\desktop\senierproject\최종재발표클라+그림자\tf_client\x64\debug\tf_client.obj
c:\users\ckgusdh10\desktop\senierproject\최종재발표클라+그림자\tf_client\x64\debug\cmonster.obj
c:\users\orizz\desktop\senierproject\최종재발표클라+그림자\x64\debug\tf_client.exe
c:\users\orizz\desktop\senierproject\최종재발표클라+그림자\x64\debug\tf_client.ilk
c:\users\orizz\desktop\senierproject\최종재발표클라+그림자\x64\debug\tf_client.pdb
c:\users\ckgusdh10\desktop\senierproject\최종재발표클라+그림자\x64\debug\tf_client.ilk
c:\users\ckgusdh10\desktop\senierproject\최종재발표클라+그림자\x64\debug\tf_client.exe
c:\users\ckgusdh10\desktop\senierproject\최종재발표클라+그림자\x64\debug\tf_client.pdb
c:\users\orizz\desktop\senierproject\최종재발표클라+그림자\tf_client\x64\debug\tf_client.tlog\cl.command.1.tlog
c:\users\orizz\desktop\senierproject\최종재발표클라+그림자\tf_client\x64\debug\tf_client.tlog\cl.read.1.tlog
c:\users\orizz\desktop\senierproject\최종재발표클라+그림자\tf_client\x64\debug\tf_client.tlog\cl.write.1.tlog
c:\users\orizz\desktop\senierproject\최종재발표클라+그림자\tf_client\x64\debug\tf_client.tlog\link.command.1.tlog
c:\users\orizz\desktop\senierproject\최종재발표클라+그림자\tf_client\x64\debug\tf_client.tlog\link.read.1.tlog
c:\users\orizz\desktop\senierproject\최종재발표클라+그림자\tf_client\x64\debug\tf_client.tlog\link.write.1.tlog
