c:\users\conoi\desktop\senierproject\2차수정\termprojectserver\x64\debug\vc141.pdb
c:\users\conoi\desktop\senierproject\2차수정\termprojectserver\x64\debug\vc141.idb
c:\users\conoi\desktop\senierproject\2차수정\termprojectserver\x64\debug\core.obj
c:\users\conoi\desktop\senierproject\2차수정\termprojectserver\x64\debug\user.obj
c:\users\conoi\desktop\senierproject\2차수정\termprojectserver\x64\debug\npc.obj
c:\users\conoi\desktop\senierproject\2차수정\termprojectserver\x64\debug\object.obj
c:\users\conoi\desktop\senierproject\2차수정\termprojectserver\x64\debug\cprocessor.obj
c:\users\conoi\desktop\senierproject\2차수정\termprojectserver\x64\debug\npcprocessor.obj
c:\users\conoi\desktop\senierproject\2차수정\termprojectserver\x64\debug\userpool.obj
c:\users\conoi\desktop\senierproject\2차수정\termprojectserver\x64\debug\userprocessor.obj
c:\users\conoi\desktop\senierproject\2차수정\termprojectserver\x64\debug\servermain.obj
c:\users\conoi\desktop\senierproject\2차수정\termprojectserver\x64\debug\errorutil.obj
c:\users\conoi\desktop\senierproject\2차수정\termprojectserver\x64\debug\minidump.obj
c:\users\conoi\desktop\senierproject\2차수정\termprojectserver\x64\debug\timer.obj
c:\users\conoi\desktop\senierproject\2차수정\exe\termprojectserver.debug64.exe
c:\users\conoi\desktop\senierproject\2차수정\exe\termprojectserver.debug64.ilk
c:\users\conoi\desktop\senierproject\2차수정\exe\termprojectserver.debug64.pdb
c:\users\conoi\desktop\senierproject\2차수정\termprojectserver\../exe/termprojectserver.debug64.exe
c:\users\conoi\desktop\senierproject\2차수정\termprojectserver\x64\debug\termproj.2df4a231.tlog\cl.command.1.tlog
c:\users\conoi\desktop\senierproject\2차수정\termprojectserver\x64\debug\termproj.2df4a231.tlog\cl.read.1.tlog
c:\users\conoi\desktop\senierproject\2차수정\termprojectserver\x64\debug\termproj.2df4a231.tlog\cl.write.1.tlog
c:\users\conoi\desktop\senierproject\2차수정\termprojectserver\x64\debug\termproj.2df4a231.tlog\link.command.1.tlog
c:\users\conoi\desktop\senierproject\2차수정\termprojectserver\x64\debug\termproj.2df4a231.tlog\link.read.1.tlog
c:\users\conoi\desktop\senierproject\2차수정\termprojectserver\x64\debug\termproj.2df4a231.tlog\link.write.1.tlog
